<?xml version="1.0" encoding="UTF-8"?>
<testng-results ignored="0" total="1" passed="0" failed="1" skipped="0">
  <reporter-output>
  </reporter-output>
  <suite started-at="2026-04-25T20:58:55 IST" name="Default suite" finished-at="2026-04-25T20:59:10 IST" duration-ms="14654">
    <groups>
    </groups>
    <test started-at="2026-04-25T20:58:55 IST" name="Default test" finished-at="2026-04-25T20:59:10 IST" duration-ms="14654">
      <class name="POM.loginTests">
        <test-method is-config="true" signature="setUp()[pri:0, instance:POM.loginTests@7e6f74c]" started-at="2026-04-25T20:58:55 IST" name="setUp" finished-at="2026-04-25T20:59:08 IST" duration-ms="12537" status="PASS">
          <reporter-output>
          </reporter-output>
        </test-method> <!-- setUp -->
        <test-method signature="login()[pri:0, instance:POM.loginTests@7e6f74c]" started-at="2026-04-25T20:59:08 IST" name="login" finished-at="2026-04-25T20:59:10 IST" duration-ms="2011" status="FAIL">
          <exception class="org.openqa.selenium.NoSuchElementException">
            <message>
              <![CDATA[no such element: Unable to locate element: {"method":"xpath","selector":"//input[@id='username']"}
  (Session info: chrome=147.0.7727.57)
For documentation on this error, please visit: https://www.selenium.dev/documentation/webdriver/troubleshooting/errors#nosuchelementexception
Build info: version: '4.41.0', revision: '9fc754f'
System info: os.name: 'Mac OS X', os.arch: 'aarch64', os.version: '26.4.1', java.version: '21.0.7'
Driver info: org.openqa.selenium.chrome.ChromeDriver
Command: [ae26348d39868c2ac121fa6da6314735, findElement {value=//input[@id='username'], using=xpath}]
Capabilities {acceptInsecureCerts: false, browserName: chrome, browserVersion: 147.0.7727.57, chrome: {chromedriverVersion: 147.0.7727.117 (474cc805edd..., userDataDir: /var/folders/zx/h26hfkzs2lq...}, fedcm:accounts: true, goog:chromeOptions: {debuggerAddress: localhost:49326}, goog:processID: 1448, networkConnectionEnabled: false, pageLoadStrategy: normal, platformName: mac, proxy: Proxy(), se:cdp: ws://localhost:49326/devtoo..., se:cdpVersion: 147.0.7727.57, setWindowRect: true, strictFileInteractability: false, timeouts: {implicit: 0, pageLoad: 300000, script: 30000}, unhandledPromptBehavior: dismiss and notify, webauthn:extension:credBlob: true, webauthn:extension:largeBlob: true, webauthn:extension:minPinLength: true, webauthn:extension:prf: true, webauthn:virtualAuthenticators: true}
Session ID: ae26348d39868c2ac121fa6da6314735]]>
            </message>
            <full-stacktrace>
              <![CDATA[org.openqa.selenium.NoSuchElementException: no such element: Unable to locate element: {"method":"xpath","selector":"//input[@id='username']"}
  (Session info: chrome=147.0.7727.57)
For documentation on this error, please visit: https://www.selenium.dev/documentation/webdriver/troubleshooting/errors#nosuchelementexception
Build info: version: '4.41.0', revision: '9fc754f'
System info: os.name: 'Mac OS X', os.arch: 'aarch64', os.version: '26.4.1', java.version: '21.0.7'
Driver info: org.openqa.selenium.chrome.ChromeDriver
Command: [ae26348d39868c2ac121fa6da6314735, findElement {value=//input[@id='username'], using=xpath}]
Capabilities {acceptInsecureCerts: false, browserName: chrome, browserVersion: 147.0.7727.57, chrome: {chromedriverVersion: 147.0.7727.117 (474cc805edd..., userDataDir: /var/folders/zx/h26hfkzs2lq...}, fedcm:accounts: true, goog:chromeOptions: {debuggerAddress: localhost:49326}, goog:processID: 1448, networkConnectionEnabled: false, pageLoadStrategy: normal, platformName: mac, proxy: Proxy(), se:cdp: ws://localhost:49326/devtoo..., se:cdpVersion: 147.0.7727.57, setWindowRect: true, strictFileInteractability: false, timeouts: {implicit: 0, pageLoad: 300000, script: 30000}, unhandledPromptBehavior: dismiss and notify, webauthn:extension:credBlob: true, webauthn:extension:largeBlob: true, webauthn:extension:minPinLength: true, webauthn:extension:prf: true, webauthn:virtualAuthenticators: true}
Session ID: ae26348d39868c2ac121fa6da6314735
at org.openqa.selenium.remote.ErrorCodec.decode(ErrorCodec.java:169)
at org.openqa.selenium.remote.codec.w3c.W3CHttpResponseCodec.decode(W3CHttpResponseCodec.java:142)
at org.openqa.selenium.remote.codec.w3c.W3CHttpResponseCodec.decode(W3CHttpResponseCodec.java:49)
at org.openqa.selenium.remote.HttpCommandExecutor.execute(HttpCommandExecutor.java:223)
at org.openqa.selenium.remote.service.DriverCommandExecutor.invokeExecute(DriverCommandExecutor.java:216)
at org.openqa.selenium.remote.service.DriverCommandExecutor.execute(DriverCommandExecutor.java:174)
at org.openqa.selenium.remote.RemoteWebDriver.execute(RemoteWebDriver.java:604)
at org.openqa.selenium.remote.ElementLocation$ElementFinder$2.findElement(ElementLocation.java:166)
at org.openqa.selenium.remote.ElementLocation.findElement(ElementLocation.java:60)
at org.openqa.selenium.remote.RemoteWebDriver.findElement(RemoteWebDriver.java:427)
at org.openqa.selenium.remote.RemoteWebDriver.findElement(RemoteWebDriver.java:421)
at POM.loginPage.userName(loginPage.java:36)
at POM.loginTests.login(loginTests.java:29)
at java.base/jdk.internal.reflect.DirectMethodHandleAccessor.invoke(DirectMethodHandleAccessor.java:103)
at java.base/java.lang.reflect.Method.invoke(Method.java:580)
at org.testng.internal.invokers.MethodInvocationHelper.invokeMethod(MethodInvocationHelper.java:141)
at org.testng.internal.invokers.TestInvoker.invokeMethod(TestInvoker.java:687)
at org.testng.internal.invokers.TestInvoker.invokeTestMethod(TestInvoker.java:230)
at org.testng.internal.invokers.MethodRunner.runInSequence(MethodRunner.java:63)
at org.testng.internal.invokers.TestInvoker$MethodInvocationAgent.invoke(TestInvoker.java:995)
at org.testng.internal.invokers.TestInvoker.invokeTestMethods(TestInvoker.java:203)
at org.testng.internal.invokers.TestMethodWorker.invokeTestMethods(TestMethodWorker.java:154)
at org.testng.internal.invokers.TestMethodWorker.run(TestMethodWorker.java:134)
at java.base/java.util.ArrayList.forEach(ArrayList.java:1596)
at org.testng.TestRunner.privateRun(TestRunner.java:741)
at org.testng.TestRunner.run(TestRunner.java:616)
at org.testng.SuiteRunner.runTest(SuiteRunner.java:421)
at org.testng.SuiteRunner.runSequentially(SuiteRunner.java:413)
at org.testng.SuiteRunner.privateRun(SuiteRunner.java:373)
at org.testng.SuiteRunner.run(SuiteRunner.java:312)
at org.testng.SuiteRunnerWorker.runSuite(SuiteRunnerWorker.java:52)
at org.testng.SuiteRunnerWorker.run(SuiteRunnerWorker.java:95)
at org.testng.TestNG.runSuitesSequentially(TestNG.java:1274)
at org.testng.TestNG.runSuitesLocally(TestNG.java:1208)
at org.testng.TestNG.runSuites(TestNG.java:1112)
at org.testng.TestNG.run(TestNG.java:1079)
at org.testng.remote.AbstractRemoteTestNG.run(AbstractRemoteTestNG.java:115)
at org.testng.remote.RemoteTestNG.initAndRun(RemoteTestNG.java:293)
at org.testng.remote.RemoteTestNG.main(RemoteTestNG.java:91)
]]>
            </full-stacktrace>
          </exception> <!-- org.openqa.selenium.NoSuchElementException -->
          <reporter-output>
          </reporter-output>
        </test-method> <!-- login -->
        <test-method is-config="true" signature="tearDown()[pri:0, instance:POM.loginTests@7e6f74c]" started-at="2026-04-25T20:59:10 IST" name="tearDown" finished-at="2026-04-25T20:59:10 IST" duration-ms="88" status="PASS">
          <reporter-output>
          </reporter-output>
        </test-method> <!-- tearDown -->
      </class> <!-- POM.loginTests -->
    </test> <!-- Default test -->
  </suite> <!-- Default suite -->
</testng-results>
